# JRE version: OpenJDK Runtime Environment (8.0_131-b12) (build 1.8.0_131-b12)
# Java VM: OpenJDK 64-Bit Server VM (25.131-b12 mixed mode linux-amd64 compressed oops)
Heap:
 PSYoungGen      total 400384K, used 95K [0x00000000d7780000, 0x00000000eff00000, 0x0000000100000000)
  eden space 399872K, 0% used [0x00000000d7780000,0x00000000d7780000,0x00000000efe00000)
  from space 512K, 18% used [0x00000000efe00000,0x00000000efe17f28,0x00000000efe80000)
  to   space 512K, 0% used [0x00000000efe80000,0x00000000efe80000,0x00000000eff00000)
 ParOldGen       total 83456K, used 292K [0x0000000086600000, 0x000000008b780000, 0x00000000d7780000)
  object space 83456K, 0% used [0x0000000086600000,0x0000000086649060,0x000000008b780000)
 Metaspace       used 2742K, capacity 4500K, committed 4864K, reserved 1056768K
  class space    used 260K, capacity 388K, committed 512K, reserved 1048576K
GC Heap History (10 events):
Event: 38,298 GC heap after
Heap after GC invocations=6 (full 0):
 PSYoungGen      total 125440K, used 346K [0x00000000d7780000, 0x00000000df280000, 0x0000000100000000)
  eden space 124928K, 0% used [0x00000000d7780000,0x00000000d7780000,0x00000000df180000)
  from space 512K, 67% used [0x00000000df200000,0x00000000df256b60,0x00000000df280000)
  to   space 512K, 0% used [0x00000000df180000,0x00000000df180000,0x00000000df200000)
 ParOldGen       total 83456K, used 8K [0x0000000086600000, 0x000000008b780000, 0x00000000d7780000)
  object space 83456K, 0% used [0x0000000086600000,0x0000000086602000,0x000000008b780000)
 Metaspace       used 2742K, capacity 4500K, committed 4864K, reserved 1056768K
  class space    used 260K, capacity 388K, committed 512K, reserved 1048576K
}
Event: 45,748 GC heap before
{Heap before GC invocations=7 (full 0):
 PSYoungGen      total 125440K, used 125274K [0x00000000d7780000, 0x00000000df280000, 0x0000000100000000)
  eden space 124928K, 100% used [0x00000000d7780000,0x00000000df180000,0x00000000df180000)
  from space 512K, 67% used [0x00000000df200000,0x00000000df256b60,0x00000000df280000)
  to   space 512K, 0% used [0x00000000df180000,0x00000000df180000,0x00000000df200000)
 ParOldGen       total 83456K, used 8K [0x0000000086600000, 0x000000008b780000, 0x00000000d7780000)
  object space 83456K, 0% used [0x0000000086600000,0x0000000086602000,0x000000008b780000)
 Metaspace       used 2742K, capacity 4500K, committed 4864K, reserved 1056768K
  class space    used 260K, capacity 388K, committed 512K, reserved 1048576K
Event: 45,751 GC heap after
Heap after GC invocations=7 (full 0):
 PSYoungGen      total 125440K, used 97K [0x00000000d7780000, 0x00000000e6c80000, 0x0000000100000000)
  eden space 124928K, 0% used [0x00000000d7780000,0x00000000d7780000,0x00000000df180000)
  from space 512K, 19% used [0x00000000df180000,0x00000000df198780,0x00000000df200000)
  to   space 512K, 0% used [0x00000000e6c00000,0x00000000e6c00000,0x00000000e6c80000)
 ParOldGen       total 83456K, used 276K [0x0000000086600000, 0x000000008b780000, 0x00000000d7780000)
  object space 83456K, 0% used [0x0000000086600000,0x0000000086645060,0x000000008b780000)
 Metaspace       used 2742K, capacity 4500K, committed 4864K, reserved 1056768K
  class space    used 260K, capacity 388K, committed 512K, reserved 1048576K
}
Event: 46,733 GC heap before
{Heap before GC invocations=8 (full 0):
 PSYoungGen      total 125440K, used 125025K [0x00000000d7780000, 0x00000000e6c80000, 0x0000000100000000)
  eden space 124928K, 100% used [0x00000000d7780000,0x00000000df180000,0x00000000df180000)
  from space 512K, 19% used [0x00000000df180000,0x00000000df198780,0x00000000df200000)
  to   space 512K, 0% used [0x00000000e6c00000,0x00000000e6c00000,0x00000000e6c80000)
 ParOldGen       total 83456K, used 276K [0x0000000086600000, 0x000000008b780000, 0x00000000d7780000)
  object space 83456K, 0% used [0x0000000086600000,0x0000000086645060,0x000000008b780000)
 Metaspace       used 2742K, capacity 4500K, committed 4864K, reserved 1056768K
  class space    used 260K, capacity 388K, committed 512K, reserved 1048576K
Event: 46,735 GC heap after
Heap after GC invocations=8 (full 0):
 PSYoungGen      total 250368K, used 108K [0x00000000d7780000, 0x00000000e6c80000, 0x0000000100000000)
  eden space 249856K, 0% used [0x00000000d7780000,0x00000000d7780000,0x00000000e6b80000)
  from space 512K, 21% used [0x00000000e6c00000,0x00000000e6c1b060,0x00000000e6c80000)
  to   space 512K, 0% used [0x00000000e6b80000,0x00000000e6b80000,0x00000000e6c00000)
 ParOldGen       total 83456K, used 284K [0x0000000086600000, 0x000000008b780000, 0x00000000d7780000)
  object space 83456K, 0% used [0x0000000086600000,0x0000000086647060,0x000000008b780000)
 Metaspace       used 2742K, capacity 4500K, committed 4864K, reserved 1056768K
  class space    used 260K, capacity 388K, committed 512K, reserved 1048576K
}
Event: 74,466 GC heap before
{Heap before GC invocations=9 (full 0):
 PSYoungGen      total 250368K, used 249964K [0x00000000d7780000, 0x00000000e6c80000, 0x0000000100000000)
  eden space 249856K, 100% used [0x00000000d7780000,0x00000000e6b80000,0x00000000e6b80000)
  from space 512K, 21% used [0x00000000e6c00000,0x00000000e6c1b060,0x00000000e6c80000)
  to   space 512K, 0% used [0x00000000e6b80000,0x00000000e6b80000,0x00000000e6c00000)
 ParOldGen       total 83456K, used 284K [0x0000000086600000, 0x000000008b780000, 0x00000000d7780000)
  object space 83456K, 0% used [0x0000000086600000,0x0000000086647060,0x000000008b780000)
 Metaspace       used 2742K, capacity 4500K, committed 4864K, reserved 1056768K
  class space    used 260K, capacity 388K, committed 512K, reserved 1048576K
Event: 74,469 GC heap after
Heap after GC invocations=9 (full 0):
 PSYoungGen      total 250368K, used 78K [0x00000000d7780000, 0x00000000eff00000, 0x0000000100000000)
  eden space 249856K, 0% used [0x00000000d7780000,0x00000000d7780000,0x00000000e6b80000)
  from space 512K, 15% used [0x00000000e6b80000,0x00000000e6b93a88,0x00000000e6c00000)
  to   space 512K, 0% used [0x00000000efe80000,0x00000000efe80000,0x00000000eff00000)
 ParOldGen       total 83456K, used 284K [0x0000000086600000, 0x000000008b780000, 0x00000000d7780000)
  object space 83456K, 0% used [0x0000000086600000,0x0000000086647060,0x000000008b780000)
 Metaspace       used 2742K, capacity 4500K, committed 4864K, reserved 1056768K
  class space    used 260K, capacity 388K, committed 512K, reserved 1048576K
}
Event: 74,584 GC heap before
{Heap before GC invocations=10 (full 0):
 PSYoungGen      total 250368K, used 249934K [0x00000000d7780000, 0x00000000eff00000, 0x0000000100000000)
  eden space 249856K, 100% used [0x00000000d7780000,0x00000000e6b80000,0x00000000e6b80000)
  from space 512K, 15% used [0x00000000e6b80000,0x00000000e6b93a88,0x00000000e6c00000)
  to   space 512K, 0% used [0x00000000efe80000,0x00000000efe80000,0x00000000eff00000)
 ParOldGen       total 83456K, used 284K [0x0000000086600000, 0x000000008b780000, 0x00000000d7780000)
  object space 83456K, 0% used [0x0000000086600000,0x0000000086647060,0x000000008b780000)
 Metaspace       used 2742K, capacity 4500K, committed 4864K, reserved 1056768K
  class space    used 260K, capacity 388K, committed 512K, reserved 1048576K
Event: 74,585 GC heap after
Heap after GC invocations=10 (full 0):
 PSYoungGen      total 400384K, used 85K [0x00000000d7780000, 0x00000000eff00000, 0x0000000100000000)
  eden space 399872K, 0% used [0x00000000d7780000,0x00000000d7780000,0x00000000efe00000)
  from space 512K, 16% used [0x00000000efe80000,0x00000000efe95780,0x00000000eff00000)
  to   space 512K, 0% used [0x00000000efe00000,0x00000000efe00000,0x00000000efe80000)
 ParOldGen       total 83456K, used 292K [0x0000000086600000, 0x000000008b780000, 0x00000000d7780000)
  object space 83456K, 0% used [0x0000000086600000,0x0000000086649060,0x000000008b780000)
 Metaspace       used 2742K, capacity 4500K, committed 4864K, reserved 1056768K
  class space    used 260K, capacity 388K, committed 512K, reserved 1048576K
}
Event: 85,065 GC heap before
{Heap before GC invocations=11 (full 0):
 PSYoungGen      total 400384K, used 399957K [0x00000000d7780000, 0x00000000eff00000, 0x0000000100000000)
  eden space 399872K, 100% used [0x00000000d7780000,0x00000000efe00000,0x00000000efe00000)
  from space 512K, 16% used [0x00000000efe80000,0x00000000efe95780,0x00000000eff00000)
  to   space 512K, 0% used [0x00000000efe00000,0x00000000efe00000,0x00000000efe80000)
 ParOldGen       total 83456K, used 292K [0x0000000086600000, 0x000000008b780000, 0x00000000d7780000)
  object space 83456K, 0% used [0x0000000086600000,0x0000000086649060,0x000000008b780000)
 Metaspace       used 2742K, capacity 4500K, committed 4864K, reserved 1056768K
  class space    used 260K, capacity 388K, committed 512K, reserved 1048576K

